0 info it worked if it ends with ok
1 verbose cli [ '/usr/local/Cellar/node/6.3.1/bin/node',
1 verbose cli   '/usr/local/bin/npm',
1 verbose cli   'run',
1 verbose cli   'deploy' ]
2 info using npm@3.10.3
3 info using node@v6.3.1
4 verbose stack Error: Failed to parse json
4 verbose stack Unexpected token '\n' at 10:90
4 verbose stack git add .; sudo git commit -m 'Update'; sudo git push origin master""
4 verbose stack                                                                      ^
4 verbose stack     at parseError (/usr/local/lib/node_modules/npm/node_modules/read-package-json/read-json.js:390:11)
4 verbose stack     at parseJson (/usr/local/lib/node_modules/npm/node_modules/read-package-json/read-json.js:79:23)
4 verbose stack     at /usr/local/lib/node_modules/npm/node_modules/read-package-json/read-json.js:48:5
4 verbose stack     at /usr/local/lib/node_modules/npm/node_modules/graceful-fs/graceful-fs.js:78:16
4 verbose stack     at tryToString (fs.js:455:3)
4 verbose stack     at FSReqWrap.readFileAfterClose [as oncomplete] (fs.js:442:12)
5 verbose cwd /Users/oliviatrimble/Workspaces/otb/greenville-radon
6 error Darwin 15.6.0
7 error argv "/usr/local/Cellar/node/6.3.1/bin/node" "/usr/local/bin/npm" "run" "deploy"
8 error node v6.3.1
9 error npm  v3.10.3
10 error file /Users/oliviatrimble/Workspaces/otb/greenville-radon/package.json
11 error code EJSONPARSE
12 error Failed to parse json
12 error Unexpected token '\n' at 10:90
12 error git add .; sudo git commit -m 'Update'; sudo git push origin master""
12 error                                                                      ^
13 error File: /Users/oliviatrimble/Workspaces/otb/greenville-radon/package.json
14 error Failed to parse package.json data.
14 error package.json must be actual JSON, not just JavaScript.
14 error
14 error This is not a bug in npm.
14 error Tell the package author to fix their package.json file. JSON.parse
15 verbose exit [ 1, true ]
